<?xml version="1.0" encoding="UTF-8"?>
<persistence version="2.1" xmlns="http://xmlns.jcp.org/xml/ns/persistence" xmlns:xsi="http://www.w3.org/2001/XMLSchema-instance" xsi:schemaLocation="http://xmlns.jcp.org/xml/ns/persistence  http://xmlns.jcp.org/xml/ns/persistence/persistence_2_1.xsd">
  <persistence-unit name="test" transaction-type="JTA">
    <provider>org.eclipse.persistence.jpa.PersistenceProvider</provider>
    <jta-data-source>jdbc/arquillian</jta-data-source>
    <properties>
      <!--
            <property name="javax.persistence.schema-generation.database.action" value="drop-and-create"/>
            <property name="javax.persistence.schema-generation.create-source" value="script"/>
            <property name="javax.persistence.schema-generation.create-script-source" value="META-INF/sql/create.sql" />
            <property name="javax.persistence.sql-load-script-source" value="META-INF/sql/data.sql" />
            <property name="javax.persistence.schema-generation.drop-source" value="script" />
            <property name="javax.persistence.schema-generation.drop-script-source" value="META-INF/sql/drop.sql" />
            -->
      <property name="eclipselink.logging.level.sql" value="FINE"/>
      <property name="eclipselink.logging.parameters" value="true"/>
      <property name="javax.persistence.schema-generation.database.action" value="drop-and-create"/>
    </properties>
  </persistence-unit>
</persistence>

<!--<?xml version="1.0" encoding="UTF-8"?>
<persistence version="2.0" xmlns="http://java.sun.com/xml/ns/persistence"
             xmlns:xsi="http://www.w3.org/2001/XMLSchema-instance"
             xsi:schemaLocation="
        http://java.sun.com/xml/ns/persistence
        http://java.sun.com/xml/ns/persistence/persistence_2_0.xsd">
    <persistence-unit name="test">
        <jta-data-source>jdbc/arquillian</jta-data-source>
        <properties>
            <property name="eclipselink.ddl-generation" value="drop-and-create-tables"/>
            <property name="eclipselink.logging.level.sql" value="FINE"/>
            <property name="eclipselink.logging.parameters" value="true"/>
        </properties>
    </persistence-unit>
</persistence>
-->